This is pdfTeX, Version 3.14159265-2.6-1.40.19 (MiKTeX 2.9.6630 64-bit) (preloaded format=pdflatex 2018.3.13)  19 JUN 2018 18:08
entering extended mode
**./Assignment3_2.tex
(Assignment3_2.tex
LaTeX2e <2017-04-15>
Babel <3.18> and hyphenation patterns for 75 language(s) loaded.
("C:\Program Files\MiKTeX 2.9\tex\latex\base\article.cls"
Document Class: article 2014/09/29 v1.4h Standard LaTeX document class
("C:\Program Files\MiKTeX 2.9\tex\latex\base\size12.clo"
File: size12.clo 2014/09/29 v1.4h Standard LaTeX file (size option)
)
\c@part=\count79
\c@section=\count80
\c@subsection=\count81
\c@subsubsection=\count82
\c@paragraph=\count83
\c@subparagraph=\count84
\c@figure=\count85
\c@table=\count86
\abovecaptionskip=\skip41
\belowcaptionskip=\skip42
\bibindent=\dimen102
)
("C:\Program Files\MiKTeX 2.9\tex\latex\apacite\apacite.sty"
Package: apacite 2013/07/21 v6.03 APA citation
\c@BibCnt=\count87
\bibleftmargin=\skip43
\bibindent=\skip44
\bibparsep=\skip45
\bibitemsep=\skip46
\biblabelsep=\skip47
)
("C:\Program Files\MiKTeX 2.9\tex\latex\natbib\natbib.sty"
Package: natbib 2010/09/13 8.31b (PWD, AO)
\bibhang=\skip48
\bibsep=\skip49
LaTeX Info: Redefining \cite on input line 694.
\c@NAT@ctr=\count88
)
LaTeX Info: Redefining \BBA on input line 3.

("C:\Program Files\MiKTeX 2.9\tex\latex\geometry\geometry.sty"
Package: geometry 2010/09/12 v5.6 Page Geometry

("C:\Program Files\MiKTeX 2.9\tex\latex\graphics\keyval.sty"
Package: keyval 2014/10/28 v1.15 key=value parser (DPC)
\KV@toks@=\toks14
)
("C:\Program Files\MiKTeX 2.9\tex\generic\oberdiek\ifpdf.sty"
Package: ifpdf 2017/03/15 v3.2 Provides the ifpdf switch
)
("C:\Program Files\MiKTeX 2.9\tex\generic\oberdiek\ifvtex.sty"
Package: ifvtex 2016/05/16 v1.6 Detect VTeX and its facilities (HO)
Package ifvtex Info: VTeX not detected.
)
("C:\Program Files\MiKTeX 2.9\tex\generic\ifxetex\ifxetex.sty"
Package: ifxetex 2010/09/12 v0.6 Provides ifxetex conditional
)
\Gm@cnth=\count89
\Gm@cntv=\count90
\c@Gm@tempcnt=\count91
\Gm@bindingoffset=\dimen103
\Gm@wd@mp=\dimen104
\Gm@odd@mp=\dimen105
\Gm@even@mp=\dimen106
\Gm@layoutwidth=\dimen107
\Gm@layoutheight=\dimen108
\Gm@layouthoffset=\dimen109
\Gm@layoutvoffset=\dimen110
\Gm@dimlist=\toks15

("C:\Program Files\MiKTeX 2.9\tex\latex\geometry\geometry.cfg"))
(Assignment3_2.aux)
\openout1 = `Assignment3_2.aux'.

LaTeX Font Info:    Checking defaults for OML/cmm/m/it on input line 9.
LaTeX Font Info:    ... okay on input line 9.
LaTeX Font Info:    Checking defaults for T1/cmr/m/n on input line 9.
LaTeX Font Info:    ... okay on input line 9.
LaTeX Font Info:    Checking defaults for OT1/cmr/m/n on input line 9.
LaTeX Font Info:    ... okay on input line 9.
LaTeX Font Info:    Checking defaults for OMS/cmsy/m/n on input line 9.
LaTeX Font Info:    ... okay on input line 9.
LaTeX Font Info:    Checking defaults for OMX/cmex/m/n on input line 9.
LaTeX Font Info:    ... okay on input line 9.
LaTeX Font Info:    Checking defaults for U/cmr/m/n on input line 9.
LaTeX Font Info:    ... okay on input line 9.
\c@maskedRefs=\count92
 ("C:\Program Files\MiKTeX 2.9\tex\latex\apacite\english.apc"
File: english.apc 2013/07/21 v6.03 apacite language file
LaTeX Info: Redefining \BPBI on input line 129.
LaTeX Info: Redefining \BHBI on input line 130.
)
*geometry* driver: auto-detecting
*geometry* detected driver: pdftex
*geometry* verbose mode - [ preamble ] result:
* driver: pdftex
* paper: a4paper
* layout: <same size as paper>
* layoutoffset:(h,v)=(0.0pt,0.0pt)
* modes: 
* h-part:(L,W,R)=(93.95122pt, 409.60544pt, 93.95122pt)
* v-part:(T,H,B)=(93.95122pt, 657.14441pt, 93.95122pt)
* \paperwidth=597.50787pt
* \paperheight=845.04684pt
* \textwidth=409.60544pt
* \textheight=657.14441pt
* \oddsidemargin=21.68123pt
* \evensidemargin=21.68123pt
* \topmargin=-15.31877pt
* \headheight=12.0pt
* \headsep=25.0pt
* \topskip=12.0pt
* \footskip=30.0pt
* \marginparwidth=35.0pt
* \marginparsep=10.0pt
* \columnsep=10.0pt
* \skip\footins=10.8pt plus 4.0pt minus 2.0pt
* \hoffset=0.0pt
* \voffset=0.0pt
* \mag=1000
* \@twocolumnfalse
* \@twosidefalse
* \@mparswitchfalse
* \@reversemarginfalse
* (1in=72.27pt=25.4mm, 1cm=28.453pt)

[1

{C:/Users/riaanl.THOROUGHTEC/AppData/Local/MiKTeX/2.9/pdftex/config/pdftex.map}
] (Assignment3_2.bbl
Underfull \hbox (badness 10000) in paragraph at lines 14--31
[]\OT1/cmr/m/n/12 Allen, J.  (1984).  To-wards a gen-eral the-ory of ac-tion an
d
 []


Underfull \hbox (badness 7468) in paragraph at lines 14--31
\OT1/cmr/m/n/12 time.  \OT1/cmr/m/it/12 Ar-ti-fi-cial In-tel-li-gence\OT1/cmr/m
/n/12 , \OT1/cmr/m/it/12 23\OT1/cmr/m/n/12 , 123--154.  Re-trieved from
 []


Overfull \hbox (192.31554pt too wide) in paragraph at lines 14--31
\OT1/cmtt/m/n/12 http://www.cs.ucf.edu/ lboloni/Teaching/EEL6938[]2007/papers/A
llen-GeneralTheoryActionTime.pdf
 []

[2]
Underfull \hbox (badness 1910) in paragraph at lines 45--64
[]\OT1/cmr/m/n/12 Arp, R., & Smith, B.  (2008).  Func-tion , Role , and Dis-po-
si-tion
 []


Underfull \hbox (badness 1052) in paragraph at lines 45--64
\OT1/cmr/m/n/12 in Ba-sic For-mal On-tol-ogy.  \OT1/cmr/m/it/12 Na-ture\OT1/cmr
/m/n/12 , \OT1/cmr/m/it/12 2\OT1/cmr/m/n/12 (713), 1--4.  Re-trieved from
 []


Overfull \hbox (101.4195pt too wide) in paragraph at lines 45--64
\OT1/cmtt/m/n/12 http://precedings.nature.com/documents/1941/version/1/files/np
re20081941-1.pdf
 []


Underfull \hbox (badness 10000) in paragraph at lines 106--125
[]\OT1/cmr/m/n/12 Borgo, S., & Ma-solo, C.  (2009).  Foun-da-tional choices in
 []


Underfull \hbox (badness 1968) in paragraph at lines 106--125
\OT1/cmr/m/n/12 DOLCE.  \OT1/cmr/m/it/12 Handb. On-tol. (Sec-ond Ed.\OT1/cmr/m/
n/12 , 361--382.  Re-trieved from
 []


Overfull \hbox (7.06544pt too wide) in paragraph at lines 106--125
\OT1/cmtt/m/n/12 https://www.researchgate.net/profile/Stefano[]Borgo/publicatio
n/
 []


Underfull \hbox (badness 10000) in paragraph at lines 106--125
\OT1/cmtt/m/n/12 225213719[]Foundational[]choices[]in[]DOLCE/links/
 []


Underfull \hbox (badness 10000) in paragraph at lines 106--125
\OT1/cmtt/m/n/12 00b495373a8bd031c3000000/Foundational-choices-in-DOLCE.pdf
 []


Underfull \hbox (badness 1635) in paragraph at lines 140--161
\OT1/cmr/m/it/12 con-fer-ence on con-cep-tual mod-el-ing \OT1/cmr/m/n/12 (pp.[]
 304--314).  Re-trieved from
 []


Underfull \hbox (badness 10000) in paragraph at lines 140--161
\OT1/cmtt/m/n/12 https://bura.brunel.ac.uk/bitstream/2438/11978/1/Fulltext.pdf
 []


Underfull \hbox (badness 10000) in paragraph at lines 140--161

 []


Underfull \hbox (badness 6526) in paragraph at lines 177--196
[]\OT1/cmr/m/n/12 Masolo, C., Borgo, S., Gangemi, A., Guar-ino, N., & Oltra-mar
i,
 []


Underfull \hbox (badness 3333) in paragraph at lines 177--196
\OT1/cmr/m/n/12 A.  (2003).  \OT1/cmr/m/it/12 Won-der-Web De-liv-er-able D18 \O
T1/cmr/m/n/12 (No.[] June).  Lab-
 []


Underfull \hbox (badness 6842) in paragraph at lines 177--196
\OT1/cmr/m/n/12 o-ra-tory For Ap-plied On-tol-ogy - ISTC-CNR.  Re-trieved from
 []


Overfull \hbox (185.39952pt too wide) in paragraph at lines 177--196
\OT1/cmtt/m/n/12 https://www.researchgate.net/publication/245584936[]WonderWeb[
]Deliverable[]D18[]Ontology[]Library
 []


Underfull \hbox (badness 10000) in paragraph at lines 177--196

 []


Overfull \hbox (27.31946pt too wide) in paragraph at lines 210--230
\OT1/cmtt/m/n/12 http://www.aaai.org/Papers/Workshops/2002/WS-02-11/WS02-11-011
.pdf
 []


Underfull \hbox (badness 10000) in paragraph at lines 210--230

 []


Underfull \hbox (badness 10000) in paragraph at lines 242--259
\OT1/cmtt/m/n/12 http://ontology.buffalo.edu/smith/articles/Mereotopology.pdf
 []

) [3] (Assignment3_2.aux) ) 
Here is how much of TeX's memory you used:
 1537 strings out of 493305
 20454 string characters out of 3138835
 86614 words of memory out of 3000000
 5132 multiletter control sequences out of 15000+200000
 5972 words of font info for 22 fonts, out of 3000000 for 9000
 1141 hyphenation exceptions out of 8191
 24i,4n,32p,666b,233s stack positions out of 5000i,500n,10000p,200000b,50000s
<C:/Program Files/MiKTeX 2.9/fonts/type1/public/amsf
onts/cm/cmbx12.pfb><C:/Program Files/MiKTeX 2.9/fonts/type1/public/amsfonts/cm/
cmr12.pfb><C:/Program Files/MiKTeX 2.9/fonts/type1/public/amsfonts/cm/cmti12.pf
b><C:/Program Files/MiKTeX 2.9/fonts/type1/public/amsfonts/cm/cmtt12.pfb>
Output written on Assignment3_2.pdf (3 pages, 74207 bytes).
PDF statistics:
 28 PDF objects out of 1000 (max. 8388607)
 0 named destinations out of 1000 (max. 500000)
 1 words of extra memory for PDF output out of 10000 (max. 10000000)

