This is pdfTeX, Version 3.14159265-2.6-1.40.18 (MiKTeX 2.9.6600 64-bit) (preloaded format=pdflatex 2018.2.18)  1 JUL 2018 18:08
entering extended mode
**./Assignment3_1.tex
(Assignment3_1.tex
LaTeX2e <2017-04-15>
Babel <3.17> and hyphenation patterns for 75 language(s) loaded.
("C:\Program Files\MiKTeX 2.9\tex\latex\base\article.cls"
Document Class: article 2014/09/29 v1.4h Standard LaTeX document class
("C:\Program Files\MiKTeX 2.9\tex\latex\base\size12.clo"
File: size12.clo 2014/09/29 v1.4h Standard LaTeX file (size option)
)
\c@part=\count79
\c@section=\count80
\c@subsection=\count81
\c@subsubsection=\count82
\c@paragraph=\count83
\c@subparagraph=\count84
\c@figure=\count85
\c@table=\count86
\abovecaptionskip=\skip41
\belowcaptionskip=\skip42
\bibindent=\dimen102
)
("C:\Program Files\MiKTeX 2.9\tex\latex\apacite\apacite.sty"
Package: apacite 2013/07/21 v6.03 APA citation
\c@BibCnt=\count87
\bibleftmargin=\skip43
\bibindent=\skip44
\bibparsep=\skip45
\bibitemsep=\skip46
\biblabelsep=\skip47
)
("C:\Program Files\MiKTeX 2.9\tex\latex\natbib\natbib.sty"
Package: natbib 2010/09/13 8.31b (PWD, AO)
\bibhang=\skip48
\bibsep=\skip49
LaTeX Info: Redefining \cite on input line 694.
\c@NAT@ctr=\count88
)
LaTeX Info: Redefining \BBA on input line 3.

("C:\Program Files\MiKTeX 2.9\tex\latex\geometry\geometry.sty"
Package: geometry 2010/09/12 v5.6 Page Geometry

("C:\Program Files\MiKTeX 2.9\tex\latex\graphics\keyval.sty"
Package: keyval 2014/10/28 v1.15 key=value parser (DPC)
\KV@toks@=\toks14
)
("C:\Program Files\MiKTeX 2.9\tex\generic\oberdiek\ifpdf.sty"
Package: ifpdf 2017/03/15 v3.2 Provides the ifpdf switch
)
("C:\Program Files\MiKTeX 2.9\tex\generic\oberdiek\ifvtex.sty"
Package: ifvtex 2016/05/16 v1.6 Detect VTeX and its facilities (HO)
Package ifvtex Info: VTeX not detected.
)
("C:\Program Files\MiKTeX 2.9\tex\generic\ifxetex\ifxetex.sty"
Package: ifxetex 2010/09/12 v0.6 Provides ifxetex conditional
)
\Gm@cnth=\count89
\Gm@cntv=\count90
\c@Gm@tempcnt=\count91
\Gm@bindingoffset=\dimen103
\Gm@wd@mp=\dimen104
\Gm@odd@mp=\dimen105
\Gm@even@mp=\dimen106
\Gm@layoutwidth=\dimen107
\Gm@layoutheight=\dimen108
\Gm@layouthoffset=\dimen109
\Gm@layoutvoffset=\dimen110
\Gm@dimlist=\toks15

("C:\Program Files\MiKTeX 2.9\tex\latex\geometry\geometry.cfg"))
(Assignment3_1.aux)
\openout1 = `Assignment3_1.aux'.

LaTeX Font Info:    Checking defaults for OML/cmm/m/it on input line 9.
LaTeX Font Info:    ... okay on input line 9.
LaTeX Font Info:    Checking defaults for T1/cmr/m/n on input line 9.
LaTeX Font Info:    ... okay on input line 9.
LaTeX Font Info:    Checking defaults for OT1/cmr/m/n on input line 9.
LaTeX Font Info:    ... okay on input line 9.
LaTeX Font Info:    Checking defaults for OMS/cmsy/m/n on input line 9.
LaTeX Font Info:    ... okay on input line 9.
LaTeX Font Info:    Checking defaults for OMX/cmex/m/n on input line 9.
LaTeX Font Info:    ... okay on input line 9.
LaTeX Font Info:    Checking defaults for U/cmr/m/n on input line 9.
LaTeX Font Info:    ... okay on input line 9.
\c@maskedRefs=\count92
 ("C:\Program Files\MiKTeX 2.9\tex\latex\apacite\english.apc"
File: english.apc 2013/07/21 v6.03 apacite language file
LaTeX Info: Redefining \BPBI on input line 129.
LaTeX Info: Redefining \BHBI on input line 130.
)
*geometry* driver: auto-detecting
*geometry* detected driver: pdftex
*geometry* verbose mode - [ preamble ] result:
* driver: pdftex
* paper: a4paper
* layout: <same size as paper>
* layoutoffset:(h,v)=(0.0pt,0.0pt)
* modes: 
* h-part:(L,W,R)=(93.95122pt, 409.60544pt, 93.95122pt)
* v-part:(T,H,B)=(93.95122pt, 657.14441pt, 93.95122pt)
* \paperwidth=597.50787pt
* \paperheight=845.04684pt
* \textwidth=409.60544pt
* \textheight=657.14441pt
* \oddsidemargin=21.68123pt
* \evensidemargin=21.68123pt
* \topmargin=-15.31877pt
* \headheight=12.0pt
* \headsep=25.0pt
* \topskip=12.0pt
* \footskip=30.0pt
* \marginparwidth=35.0pt
* \marginparsep=10.0pt
* \columnsep=10.0pt
* \skip\footins=10.8pt plus 4.0pt minus 2.0pt
* \hoffset=0.0pt
* \voffset=0.0pt
* \mag=1000
* \@twocolumnfalse
* \@twosidefalse
* \@mparswitchfalse
* \@reversemarginfalse
* (1in=72.27pt=25.4mm, 1cm=28.453pt)

LaTeX Font Info:    External font `cmex10' loaded for size
(Font)              <14.4> on input line 10.
LaTeX Font Info:    External font `cmex10' loaded for size
(Font)              <7> on input line 10.
[1

{C:/Users/Riaan/AppData/Local/MiKTeX/2.9/pdftex/config/pdftex.map}]
LaTeX Font Info:    Try loading font information for OMS+cmr on input line 31.

("C:\Program Files\MiKTeX 2.9\tex\latex\base\omscmr.fd"
File: omscmr.fd 2014/09/29 v2.5h Standard LaTeX font definitions
)
LaTeX Font Info:    Font shape `OMS/cmr/m/n' in size <12> not available
(Font)              Font shape `OMS/cmsy/m/n' tried instead on input line 31.

Overfull \hbox (1.50974pt too wide) in paragraph at lines 33--34
\OT1/cmr/m/n/12 like de-ci-sion sup-port pro-to-cols, elec-tronic ref-er-ence b
ooks and clin-i-cal guide-
 []

[2]
LaTeX Font Info:    External font `cmex10' loaded for size
(Font)              <12> on input line 46.
LaTeX Font Info:    External font `cmex10' loaded for size
(Font)              <8> on input line 46.
LaTeX Font Info:    External font `cmex10' loaded for size
(Font)              <6> on input line 46.

Overfull \hbox (20.87495pt too wide) in paragraph at lines 46--47
\OT1/cmr/m/n/12 anomaly of eye-lid (disorder)$\OMS/cmsy/m/n/12 j$\OT1/cmr/m/n/1
2 " and "193966008$\OMS/cmsy/m/n/12 j$\OT1/cmr/m/n/12 Eyelid vas-cu-lar anoma-l
ies (disorder)$\OMS/cmsy/m/n/12 j$\OT1/cmr/m/n/12 ".
 []

(Assignment3_1.bbl [3]
Underfull \hbox (badness 3701) in paragraph at lines 49--67
[]\OT1/cmr/m/n/12 C^ote, R. A., & Rob-boy, S.  (1980).  Progress in Med-i-cal 
In-for-
 []


Underfull \hbox (badness 2753) in paragraph at lines 49--67
\OT1/cmr/m/n/12 ma-tion Man-age-ment.  \OT1/cmr/m/it/12 Jama\OT1/cmr/m/n/12 , \
OT1/cmr/m/it/12 243\OT1/cmr/m/n/12 (8), 756--762.  Re-trieved from
 []


Underfull \hbox (badness 5519) in paragraph at lines 81--103
[]\OT1/cmr/m/n/12 Heja, G., Surjan, G., & Varga, P.  (2008).  On-to-log-i-cal
 anal-
 []


Underfull \hbox (badness 10000) in paragraph at lines 81--103
\OT1/cmr/m/n/12 y-sis of SNOMED CT.  In \OT1/cmr/m/it/12 Bmc med. in-form. de-c
is. mak.
 []


Underfull \hbox (badness 6741) in paragraph at lines 81--103
\OT1/cmr/m/n/12 (Vol.[] 8, pp.[] 1--5).  Copen-hagen, De-mark.  Re-trieved from

 []


Underfull \hbox (badness 10000) in paragraph at lines 81--103
\OT1/cmtt/m/n/12 https://0-link-springer-com.oasis.unisa.ac.za/content/pdf/
 []

LaTeX Font Info:    Font shape `OMS/cmr/m/it' in size <12> not available
(Font)              Font shape `OMS/cmsy/m/n' tried instead on input line 122.

Overfull \hbox (1.87843pt too wide) in paragraph at lines 115--131
\OT1/cmtt/m/n/12 doc[]TechnicalImplementationGuide[]Current-en-US[]INT[]2015013
1.pdf
 []


Underfull \hbox (badness 10000) in paragraph at lines 115--131

 []


Underfull \hbox (badness 4647) in paragraph at lines 146--167
\OT1/cmr/m/n/12 SNOMED CT im-ple-men-ta-tions.  \OT1/cmr/m/it/12 J. Biomed. In-
form.\OT1/cmr/m/n/12 , \OT1/cmr/m/it/12 46\OT1/cmr/m/n/12 , 87--
 []


Underfull \hbox (badness 1902) in paragraph at lines 146--167
\OT1/cmr/m/n/12 96.  Re-trieved from \OT1/cmtt/m/n/12 https://ac.els-cdn.com/S1
532046412001530/
 []


Overfull \hbox (0.89044pt too wide) in paragraph at lines 146--167
\OT1/cmtt/m/n/12 1-s2.0-S1532046412001530-main.pdf?[]tid=1c161356-6d6f-4e0a-94a
e
 []


Overfull \hbox (13.24045pt too wide) in paragraph at lines 146--167
\OT1/cmtt/m/n/12 -4e46254f39ed&acdnat=1527329697[]01f0958e81e1e12380178df1ec05f
63b
 []


Underfull \hbox (badness 10000) in paragraph at lines 179--193
[]\OT1/cmr/m/n/12 NIH.  (2018).  \OT1/cmr/m/it/12 Overview of SNOMED CT.  \OT1/
cmr/m/n/12 U.S. Na-
 []


Underfull \hbox (badness 10000) in paragraph at lines 179--193
\OT1/cmr/m/n/12 tional Li-brary of Medicine.  Re-trieved 2018-05-26, from
 []


Overfull \hbox (0.89044pt too wide) in paragraph at lines 179--193
\OT1/cmtt/m/n/12 https://www.nlm.nih.gov/healthit/snomedct/snomed[]overview.htm
l
 []


Underfull \hbox (badness 10000) in paragraph at lines 179--193

 []


Underfull \hbox (badness 3668) in paragraph at lines 205--227
[]\OT1/cmr/m/n/12 Patrick, J., Wang, Y., Budd, P., Rec-tor, A., Brandt, S., Rog
ers,
 []


Underfull \hbox (badness 5008) in paragraph at lines 205--227
\OT1/cmr/m/n/12 J., ... Vazirnezhad, B.  (2008).  De-vel-op-ing SNOMED CT
 []


Underfull \hbox (badness 7064) in paragraph at lines 205--227
\OT1/cmr/m/n/12 sub-sets from clin-i-cal notes for in-ten-sive care ser-vice.  
\OT1/cmr/m/it/12 Heal.
 []


Underfull \hbox (badness 5622) in paragraph at lines 205--227
\OT1/cmr/m/it/12 Care In-for-mat-ics Rev. On-line\OT1/cmr/m/n/12 , \OT1/cmr/m/i
t/12 12\OT1/cmr/m/n/12 (3), 25--30.  Re-trieved from
 []


Underfull \hbox (badness 10000) in paragraph at lines 205--227
\OT1/cmtt/m/n/12 https://cdn.ymaws.com/www.hinz.org.nz/resource/collection/
 []


Underfull \hbox (badness 10000) in paragraph at lines 263--275
[]\OT1/cmr/m/n/12 SNOMED In-ter-na-tional.  (2018b).  \OT1/cmr/m/it/12 How is S
NOMED
 []


Underfull \hbox (badness 10000) in paragraph at lines 263--275
\OT1/cmr/m/it/12 CT cre-ated?  \OT1/cmr/m/n/12 Re-trieved 2018-05-26, from
 []


Underfull \hbox (badness 10000) in paragraph at lines 263--275
\OT1/cmtt/m/n/12 https://www.snomed.org/snomed-ct/what-is-snomed-ct/
 []

) [4] (Assignment3_1.aux) ) 
Here is how much of TeX's memory you used:
 1583 strings out of 493303
 21026 string characters out of 3138856
 86615 words of memory out of 3000000
 5170 multiletter control sequences out of 15000+200000
 9017 words of font info for 32 fonts, out of 3000000 for 9000
 1141 hyphenation exceptions out of 8191
 24i,6n,32p,854b,256s stack positions out of 5000i,500n,10000p,200000b,50000s
<C:/Program Files/MiKTeX 2.9/fonts/type1/public/amsf
onts/cm/cmbx12.pfb><C:/Program Files/MiKTeX 2.9/fonts/type1/public/amsfonts/cm/
cmr12.pfb><C:/Program Files/MiKTeX 2.9/fonts/type1/public/amsfonts/cm/cmr17.pfb
><C:/Program Files/MiKTeX 2.9/fonts/type1/public/amsfonts/cm/cmr8.pfb><C:/Progr
am Files/MiKTeX 2.9/fonts/type1/public/amsfonts/cm/cmsy10.pfb><C:/Program Files
/MiKTeX 2.9/fonts/type1/public/amsfonts/cm/cmti12.pfb><C:/Program Files/MiKTeX 
2.9/fonts/type1/public/amsfonts/cm/cmtt12.pfb>
Output written on Assignment3_1.pdf (4 pages, 101814 bytes).
PDF statistics:
 43 PDF objects out of 1000 (max. 8388607)
 0 named destinations out of 1000 (max. 500000)
 1 words of extra memory for PDF output out of 10000 (max. 10000000)

