This is pdfTeX, Version 3.14159265-2.6-1.40.18 (MiKTeX 2.9.6600 64-bit) (preloaded format=pdflatex 2018.2.15)  28 FEB 2018 21:28
entering extended mode
**./Task1_1.tex
(Task1_1.tex
LaTeX2e <2017-04-15>
Babel <3.17> and hyphenation patterns for 75 language(s) loaded.
("C:\Program Files\MiKTeX 2.9\tex\latex\base\article.cls"
Document Class: article 2014/09/29 v1.4h Standard LaTeX document class
("C:\Program Files\MiKTeX 2.9\tex\latex\base\size10.clo"
File: size10.clo 2014/09/29 v1.4h Standard LaTeX file (size option)
)
\c@part=\count79
\c@section=\count80
\c@subsection=\count81
\c@subsubsection=\count82
\c@paragraph=\count83
\c@subparagraph=\count84
\c@figure=\count85
\c@table=\count86
\abovecaptionskip=\skip41
\belowcaptionskip=\skip42
\bibindent=\dimen102
)
("C:\Program Files\MiKTeX 2.9\tex\latex\apacite\apacite.sty"
Package: apacite 2013/07/21 v6.03 APA citation
\c@BibCnt=\count87
\bibleftmargin=\skip43
\bibindent=\skip44
\bibparsep=\skip45
\bibitemsep=\skip46
\biblabelsep=\skip47
)
("C:\Program Files\MiKTeX 2.9\tex\latex\natbib\natbib.sty"
Package: natbib 2010/09/13 8.31b (PWD, AO)
\bibhang=\skip48
\bibsep=\skip49
LaTeX Info: Redefining \cite on input line 694.
\c@NAT@ctr=\count88
)
LaTeX Info: Redefining \BBA on input line 3.
 (Task1_1.aux)
\openout1 = `Task1_1.aux'.

LaTeX Font Info:    Checking defaults for OML/cmm/m/it on input line 8.
LaTeX Font Info:    ... okay on input line 8.
LaTeX Font Info:    Checking defaults for T1/cmr/m/n on input line 8.
LaTeX Font Info:    ... okay on input line 8.
LaTeX Font Info:    Checking defaults for OT1/cmr/m/n on input line 8.
LaTeX Font Info:    ... okay on input line 8.
LaTeX Font Info:    Checking defaults for OMS/cmsy/m/n on input line 8.
LaTeX Font Info:    ... okay on input line 8.
LaTeX Font Info:    Checking defaults for OMX/cmex/m/n on input line 8.
LaTeX Font Info:    ... okay on input line 8.
LaTeX Font Info:    Checking defaults for U/cmr/m/n on input line 8.
LaTeX Font Info:    ... okay on input line 8.
\c@maskedRefs=\count89

("C:\Program Files\MiKTeX 2.9\tex\latex\apacite\english.apc"
File: english.apc 2013/07/21 v6.03 apacite language file
LaTeX Info: Redefining \BPBI on input line 129.
LaTeX Info: Redefining \BHBI on input line 130.
)
LaTeX Font Info:    External font `cmex10' loaded for size
(Font)              <12> on input line 10.
LaTeX Font Info:    External font `cmex10' loaded for size
(Font)              <8> on input line 10.
LaTeX Font Info:    External font `cmex10' loaded for size
(Font)              <6> on input line 10.
 (Task1_1.toc
LaTeX Font Info:    External font `cmex10' loaded for size
(Font)              <7> on input line 4.
LaTeX Font Info:    External font `cmex10' loaded for size
(Font)              <5> on input line 4.
)
\tf@toc=\write3
\openout3 = `Task1_1.toc'.


[1

{C:/Users/riaanl.THOROUGHTEC/AppData/Local/MiKTeX/2.9/pdftex/config/pdftex.map}
]
Overfull \hbox (1.79025pt too wide) in paragraph at lines 45--45
[]\OT1/cmr/bx/n/12 "Introduction to Ma-chine Learn-ing" from NPTEL (In-
 []

(Task1_1.bbl [2]
Underfull \hbox (badness 6477) in paragraph at lines 37--49
[]\OT1/cmr/m/n/10 Class Cen-tral.  (2018).  \OT1/cmr/m/it/10 edx:machine learn-
ing.  \OT1/cmr/m/n/10 Re-trieved from
 []


Overfull \hbox (5.4972pt too wide) in paragraph at lines 37--49
\OT1/cmtt/m/n/10 https://www.class-central.com/course/edx-machine-learning-8995

 []


Underfull \hbox (badness 10000) in paragraph at lines 37--49

 []


Underfull \hbox (badness 10000) in paragraph at lines 61--73
[]\OT1/cmr/m/n/10 edX.  (2018).  \OT1/cmr/m/it/10 Ma-chine learn-ing.  \OT1/cmr
/m/n/10 Re-trieved from
 []


Overfull \hbox (21.24706pt too wide) in paragraph at lines 61--73
\OT1/cmtt/m/n/10 https://www.edx.org/course/machine-learning-columbiax-csmm-102
x-3
 []


Underfull \hbox (badness 10000) in paragraph at lines 61--73

 []

! Missing $ inserted.
<inserted text> 
                $
l.94 ...inecourses.nptel.ac.in/noc18_cs26/preview}
                                                  
I've inserted a begin-math/end-math symbol since I think
you left one out. Proceed, with fingers crossed.

! Extra }, or forgotten $.
<recently read> \egroup 
                        
l.94 ...inecourses.nptel.ac.in/noc18_cs26/preview}
                                                  
I've deleted a group-closing symbol because it seems to be
spurious, as in `$x}$'. But perhaps the } is legitimate and
you forgot something else, as in `\hbox{$x}'. In such cases
the way to recover is to insert both the forgotten and the
deleted material, e.g., by typing `I$}'.

! Missing $ inserted.
<inserted text> 
                $
l.95   \end{APACrefURL}
                       
I've inserted something that you may have forgotten.
(See the <inserted text> above.)
With luck, this will get me unwedged. But if you
really didn't forget anything, try typing `2' now; then
my insertion and my current dilemma will both disappear.

! Missing } inserted.
<inserted text> 
                }
l.95   \end{APACrefURL}
                       
I've inserted something that you may have forgotten.
(See the <inserted text> above.)
With luck, this will get me unwedged. But if you
really didn't forget anything, try typing `2' now; then
my insertion and my current dilemma will both disappear.


Underfull \hbox (badness 1448) in paragraph at lines 85--97
[]\OT1/cmr/m/n/10 NPTEL.  (2014).  \OT1/cmr/m/it/10 In-tro-duc-tion to ma-chine
 learn-ing.  \OT1/cmr/m/n/10 Re-trieved from
 []


Underfull \hbox (badness 3646) in paragraph at lines 109--121
[]\OT1/cmr/m/n/10 UDACITY.  (2018).  \OT1/cmr/m/it/10 In-tro to ma-chine learn-
ing.  \OT1/cmr/m/n/10 Re-trieved from
 []


Overfull \hbox (10.74715pt too wide) in paragraph at lines 109--121
\OT1/cmtt/m/n/10 https://www.udacity.com/course/intro-to-machine-learning--ud12
0
 []


Underfull \hbox (badness 10000) in paragraph at lines 109--121

 []

) [3] (Task1_1.aux) ) 
Here is how much of TeX's memory you used:
 1024 strings out of 493303
 12430 string characters out of 3138817
 74405 words of memory out of 3000000
 4631 multiletter control sequences out of 15000+200000
 8409 words of font info for 30 fonts, out of 3000000 for 9000
 1141 hyphenation exceptions out of 8191
 23i,6n,21p,562b,233s stack positions out of 5000i,500n,10000p,200000b,50000s
<C:/Program Files/MiKTeX 2.9/fonts/type1/public/amsfonts/c
m/cmbx10.pfb><C:/Program Files/MiKTeX 2.9/fonts/type1/public/amsfonts/cm/cmbx12
.pfb><C:/Program Files/MiKTeX 2.9/fonts/type1/public/amsfonts/cm/cmmi10.pfb><C:
/Program Files/MiKTeX 2.9/fonts/type1/public/amsfonts/cm/cmmi7.pfb><C:/Program 
Files/MiKTeX 2.9/fonts/type1/public/amsfonts/cm/cmr10.pfb><C:/Program Files/MiK
TeX 2.9/fonts/type1/public/amsfonts/cm/cmr12.pfb><C:/Program Files/MiKTeX 2.9/f
onts/type1/public/amsfonts/cm/cmr17.pfb><C:/Program Files/MiKTeX 2.9/fonts/type
1/public/amsfonts/cm/cmti10.pfb><C:/Program Files/MiKTeX 2.9/fonts/type1/public
/amsfonts/cm/cmtt10.pfb>
Output written on Task1_1.pdf (3 pages, 125321 bytes).
PDF statistics:
 48 PDF objects out of 1000 (max. 8388607)
 0 named destinations out of 1000 (max. 500000)
 1 words of extra memory for PDF output out of 10000 (max. 10000000)

