This is pdfTeX, Version 3.14159265-2.6-1.40.18 (MiKTeX 2.9.6600 64-bit) (preloaded format=pdflatex 2018.2.18)  12 MAY 2019 11:48
entering extended mode
**./honsProposal.tex
(honsProposal.tex
LaTeX2e <2017-04-15>
Babel <3.17> and hyphenation patterns for 75 language(s) loaded.
("C:\Program Files\MiKTeX 2.9\tex\latex\base\article.cls"
Document Class: article 2014/09/29 v1.4h Standard LaTeX document class
("C:\Program Files\MiKTeX 2.9\tex\latex\base\size10.clo"
File: size10.clo 2014/09/29 v1.4h Standard LaTeX file (size option)
)
\c@part=\count79
\c@section=\count80
\c@subsection=\count81
\c@subsubsection=\count82
\c@paragraph=\count83
\c@subparagraph=\count84
\c@figure=\count85
\c@table=\count86
\abovecaptionskip=\skip41
\belowcaptionskip=\skip42
\bibindent=\dimen102
)
("C:\Program Files\MiKTeX 2.9\tex\latex\amsmath\amsmath.sty"
Package: amsmath 2017/09/02 v2.17a AMS math features
\@mathmargin=\skip43

For additional information on amsmath, use the `?' option.
("C:\Program Files\MiKTeX 2.9\tex\latex\amsmath\amstext.sty"
Package: amstext 2000/06/29 v2.01 AMS text

("C:\Program Files\MiKTeX 2.9\tex\latex\amsmath\amsgen.sty"
File: amsgen.sty 1999/11/30 v2.0 generic functions
\@emptytoks=\toks14
\ex@=\dimen103
))
("C:\Program Files\MiKTeX 2.9\tex\latex\amsmath\amsbsy.sty"
Package: amsbsy 1999/11/29 v1.2d Bold Symbols
\pmbraise@=\dimen104
)
("C:\Program Files\MiKTeX 2.9\tex\latex\amsmath\amsopn.sty"
Package: amsopn 2016/03/08 v2.02 operator names
)
\inf@bad=\count87
LaTeX Info: Redefining \frac on input line 213.
\uproot@=\count88
\leftroot@=\count89
LaTeX Info: Redefining \overline on input line 375.
\classnum@=\count90
\DOTSCASE@=\count91
LaTeX Info: Redefining \ldots on input line 472.
LaTeX Info: Redefining \dots on input line 475.
LaTeX Info: Redefining \cdots on input line 596.
\Mathstrutbox@=\box26
\strutbox@=\box27
\big@size=\dimen105
LaTeX Font Info:    Redeclaring font encoding OML on input line 712.
LaTeX Font Info:    Redeclaring font encoding OMS on input line 713.
\macc@depth=\count92
\c@MaxMatrixCols=\count93
\dotsspace@=\muskip10
\c@parentequation=\count94
\dspbrk@lvl=\count95
\tag@help=\toks15
\row@=\count96
\column@=\count97
\maxfields@=\count98
\andhelp@=\toks16
\eqnshift@=\dimen106
\alignsep@=\dimen107
\tagshift@=\dimen108
\tagwidth@=\dimen109
\totwidth@=\dimen110
\lineht@=\dimen111
\@envbody=\toks17
\multlinegap=\skip44
\multlinetaggap=\skip45
\mathdisplay@stack=\toks18
LaTeX Info: Redefining \[ on input line 2817.
LaTeX Info: Redefining \] on input line 2818.
)
("C:\Program Files\MiKTeX 2.9\tex\latex\base\textcomp.sty"
Package: textcomp 2017/04/05 v2.0i Standard LaTeX package
Package textcomp Info: Sub-encoding information:
(textcomp)               5 = only ISO-Adobe without \textcurrency
(textcomp)               4 = 5 + \texteuro
(textcomp)               3 = 4 + \textohm
(textcomp)               2 = 3 + \textestimated + \textcurrency
(textcomp)               1 = TS1 - \textcircled - \t
(textcomp)               0 = TS1 (full)
(textcomp)             Font families with sub-encoding setting implement
(textcomp)             only a restricted character set as indicated.
(textcomp)             Family '?' is the default used for unknown fonts.
(textcomp)             See the documentation for details.
Package textcomp Info: Setting ? sub-encoding to TS1/1 on input line 79.

("C:\Program Files\MiKTeX 2.9\tex\latex\base\ts1enc.def"
File: ts1enc.def 2001/06/05 v3.0e (jk/car/fm) Standard LaTeX file
)
LaTeX Info: Redefining \oldstylenums on input line 334.
Package textcomp Info: Setting cmr sub-encoding to TS1/0 on input line 349.
Package textcomp Info: Setting cmss sub-encoding to TS1/0 on input line 350.
Package textcomp Info: Setting cmtt sub-encoding to TS1/0 on input line 351.
Package textcomp Info: Setting cmvtt sub-encoding to TS1/0 on input line 352.
Package textcomp Info: Setting cmbr sub-encoding to TS1/0 on input line 353.
Package textcomp Info: Setting cmtl sub-encoding to TS1/0 on input line 354.
Package textcomp Info: Setting ccr sub-encoding to TS1/0 on input line 355.
Package textcomp Info: Setting ptm sub-encoding to TS1/4 on input line 356.
Package textcomp Info: Setting pcr sub-encoding to TS1/4 on input line 357.
Package textcomp Info: Setting phv sub-encoding to TS1/4 on input line 358.
Package textcomp Info: Setting ppl sub-encoding to TS1/3 on input line 359.
Package textcomp Info: Setting pag sub-encoding to TS1/4 on input line 360.
Package textcomp Info: Setting pbk sub-encoding to TS1/4 on input line 361.
Package textcomp Info: Setting pnc sub-encoding to TS1/4 on input line 362.
Package textcomp Info: Setting pzc sub-encoding to TS1/4 on input line 363.
Package textcomp Info: Setting bch sub-encoding to TS1/4 on input line 364.
Package textcomp Info: Setting put sub-encoding to TS1/5 on input line 365.
Package textcomp Info: Setting uag sub-encoding to TS1/5 on input line 366.
Package textcomp Info: Setting ugq sub-encoding to TS1/5 on input line 367.
Package textcomp Info: Setting ul8 sub-encoding to TS1/4 on input line 368.
Package textcomp Info: Setting ul9 sub-encoding to TS1/4 on input line 369.
Package textcomp Info: Setting augie sub-encoding to TS1/5 on input line 370.
Package textcomp Info: Setting dayrom sub-encoding to TS1/3 on input line 371.
Package textcomp Info: Setting dayroms sub-encoding to TS1/3 on input line 372.

Package textcomp Info: Setting pxr sub-encoding to TS1/0 on input line 373.
Package textcomp Info: Setting pxss sub-encoding to TS1/0 on input line 374.
Package textcomp Info: Setting pxtt sub-encoding to TS1/0 on input line 375.
Package textcomp Info: Setting txr sub-encoding to TS1/0 on input line 376.
Package textcomp Info: Setting txss sub-encoding to TS1/0 on input line 377.
Package textcomp Info: Setting txtt sub-encoding to TS1/0 on input line 378.
Package textcomp Info: Setting lmr sub-encoding to TS1/0 on input line 379.
Package textcomp Info: Setting lmdh sub-encoding to TS1/0 on input line 380.
Package textcomp Info: Setting lmss sub-encoding to TS1/0 on input line 381.
Package textcomp Info: Setting lmssq sub-encoding to TS1/0 on input line 382.
Package textcomp Info: Setting lmvtt sub-encoding to TS1/0 on input line 383.
Package textcomp Info: Setting lmtt sub-encoding to TS1/0 on input line 384.
Package textcomp Info: Setting qhv sub-encoding to TS1/0 on input line 385.
Package textcomp Info: Setting qag sub-encoding to TS1/0 on input line 386.
Package textcomp Info: Setting qbk sub-encoding to TS1/0 on input line 387.
Package textcomp Info: Setting qcr sub-encoding to TS1/0 on input line 388.
Package textcomp Info: Setting qcs sub-encoding to TS1/0 on input line 389.
Package textcomp Info: Setting qpl sub-encoding to TS1/0 on input line 390.
Package textcomp Info: Setting qtm sub-encoding to TS1/0 on input line 391.
Package textcomp Info: Setting qzc sub-encoding to TS1/0 on input line 392.
Package textcomp Info: Setting qhvc sub-encoding to TS1/0 on input line 393.
Package textcomp Info: Setting futs sub-encoding to TS1/4 on input line 394.
Package textcomp Info: Setting futx sub-encoding to TS1/4 on input line 395.
Package textcomp Info: Setting futj sub-encoding to TS1/4 on input line 396.
Package textcomp Info: Setting hlh sub-encoding to TS1/3 on input line 397.
Package textcomp Info: Setting hls sub-encoding to TS1/3 on input line 398.
Package textcomp Info: Setting hlst sub-encoding to TS1/3 on input line 399.
Package textcomp Info: Setting hlct sub-encoding to TS1/5 on input line 400.
Package textcomp Info: Setting hlx sub-encoding to TS1/5 on input line 401.
Package textcomp Info: Setting hlce sub-encoding to TS1/5 on input line 402.
Package textcomp Info: Setting hlcn sub-encoding to TS1/5 on input line 403.
Package textcomp Info: Setting hlcw sub-encoding to TS1/5 on input line 404.
Package textcomp Info: Setting hlcf sub-encoding to TS1/5 on input line 405.
Package textcomp Info: Setting pplx sub-encoding to TS1/3 on input line 406.
Package textcomp Info: Setting pplj sub-encoding to TS1/3 on input line 407.
Package textcomp Info: Setting ptmx sub-encoding to TS1/4 on input line 408.
Package textcomp Info: Setting ptmj sub-encoding to TS1/4 on input line 409.
)
("C:\Program Files\MiKTeX 2.9\tex\latex\geometry\geometry.sty"
Package: geometry 2010/09/12 v5.6 Page Geometry

("C:\Program Files\MiKTeX 2.9\tex\latex\graphics\keyval.sty"
Package: keyval 2014/10/28 v1.15 key=value parser (DPC)
\KV@toks@=\toks19
)
("C:\Program Files\MiKTeX 2.9\tex\generic\oberdiek\ifpdf.sty"
Package: ifpdf 2017/03/15 v3.2 Provides the ifpdf switch
)
("C:\Program Files\MiKTeX 2.9\tex\generic\oberdiek\ifvtex.sty"
Package: ifvtex 2016/05/16 v1.6 Detect VTeX and its facilities (HO)
Package ifvtex Info: VTeX not detected.
)
("C:\Program Files\MiKTeX 2.9\tex\generic\ifxetex\ifxetex.sty"
Package: ifxetex 2010/09/12 v0.6 Provides ifxetex conditional
)
\Gm@cnth=\count99
\Gm@cntv=\count100
\c@Gm@tempcnt=\count101
\Gm@bindingoffset=\dimen112
\Gm@wd@mp=\dimen113
\Gm@odd@mp=\dimen114
\Gm@even@mp=\dimen115
\Gm@layoutwidth=\dimen116
\Gm@layoutheight=\dimen117
\Gm@layouthoffset=\dimen118
\Gm@layoutvoffset=\dimen119
\Gm@dimlist=\toks20

("C:\Program Files\MiKTeX 2.9\tex\latex\geometry\geometry.cfg"))
("C:\Program Files\MiKTeX 2.9\tex\latex\natbib\natbib.sty"
Package: natbib 2010/09/13 8.31b (PWD, AO)
\bibhang=\skip46
\bibsep=\skip47
LaTeX Info: Redefining \cite on input line 694.
\c@NAT@ctr=\count102
) (honsProposal.aux)
\openout1 = `honsProposal.aux'.

LaTeX Font Info:    Checking defaults for OML/cmm/m/it on input line 12.
LaTeX Font Info:    ... okay on input line 12.
LaTeX Font Info:    Checking defaults for T1/cmr/m/n on input line 12.
LaTeX Font Info:    ... okay on input line 12.
LaTeX Font Info:    Checking defaults for OT1/cmr/m/n on input line 12.
LaTeX Font Info:    ... okay on input line 12.
LaTeX Font Info:    Checking defaults for OMS/cmsy/m/n on input line 12.
LaTeX Font Info:    ... okay on input line 12.
LaTeX Font Info:    Checking defaults for OMX/cmex/m/n on input line 12.
LaTeX Font Info:    ... okay on input line 12.
LaTeX Font Info:    Checking defaults for U/cmr/m/n on input line 12.
LaTeX Font Info:    ... okay on input line 12.
LaTeX Font Info:    Checking defaults for TS1/cmr/m/n on input line 12.
LaTeX Font Info:    Try loading font information for TS1+cmr on input line 12.

("C:\Program Files\MiKTeX 2.9\tex\latex\base\ts1cmr.fd"
File: ts1cmr.fd 2014/09/29 v2.5h Standard LaTeX font definitions
)
LaTeX Font Info:    ... okay on input line 12.

*geometry* driver: auto-detecting
*geometry* detected driver: pdftex
*geometry* verbose mode - [ preamble ] result:
* driver: pdftex
* paper: a4paper
* layout: <same size as paper>
* layoutoffset:(h,v)=(0.0pt,0.0pt)
* modes: 
* h-part:(L,W,R)=(57.81621pt, 481.87546pt, 57.81621pt)
* v-part:(T,H,B)=(57.81621pt, 729.41443pt, 57.81621pt)
* \paperwidth=597.50787pt
* \paperheight=845.04684pt
* \textwidth=481.87546pt
* \textheight=729.41443pt
* \oddsidemargin=-14.45378pt
* \evensidemargin=-14.45378pt
* \topmargin=-51.45378pt
* \headheight=12.0pt
* \headsep=25.0pt
* \topskip=10.0pt
* \footskip=30.0pt
* \marginparwidth=57.0pt
* \marginparsep=11.0pt
* \columnsep=10.0pt
* \skip\footins=9.0pt plus 4.0pt minus 2.0pt
* \hoffset=0.0pt
* \voffset=0.0pt
* \mag=1000
* \@twocolumnfalse
* \@twosidefalse
* \@mparswitchfalse
* \@reversemarginfalse
* (1in=72.27pt=25.4mm, 1cm=28.453pt)

(honsProposal.toc)
\tf@toc=\write3
\openout3 = `honsProposal.toc'.

 (honsProposal.lof)
\tf@lof=\write4
\openout4 = `honsProposal.lof'.

 (honsProposal.lot)
\tf@lot=\write5
\openout5 = `honsProposal.lot'.

 [1

{C:/Users/Riaan/AppData/Local/MiKTeX/2.9/pdftex/config/pdftex.map}] [2] (honsPr
oposal.bbl
Underfull \hbox (badness 10000) in paragraph at lines 12--15
\OT1/cmr/bx/n/10 URL: \OT1/cmr/m/it/10 https://0-www-jstor-org.oasis.unisa.ac.z
a/stable/pdf/1515175.pdf?ab[]segments=0%252Fdefault-
 []


Underfull \hbox (badness 10000) in paragraph at lines 23--28
\OT1/cmr/bx/n/10 URL: \OT1/cmr/m/it/10 https://0-www-jstor-org.oasis.unisa.ac.z
a/stable/pdf/23310253.pdf?ab[]segments=0%252Fdefault-
 []


Underfull \hbox (badness 10000) in paragraph at lines 23--28
\OT1/cmr/m/it/10 2%252Fcontrol&refreqid=excelsior%3A5edcd7b078444473928072ccdf0
a5005 https://www-jstor-
 []

Missing character: There is no â in font cmr10!
Missing character: There is no € in font cmr10!
Missing character: There is no ” in font cmr10!
[3]
Missing character: There is no â in font cmr10!
Missing character: There is no € in font cmr10!
Missing character: There is no “ in font cmr10!
Missing character: There is no â in font cmr10!
Missing character: There is no € in font cmr10!
Missing character: There is no “ in font cmr10!

Overfull \hbox (73.71555pt too wide) in paragraph at lines 90--95
\OT1/cmr/bx/n/10 URL: \OT1/cmr/m/it/10 https://about.jstor.org/terms http://www
.ingentaconnect.com/content/asoca/jhsb/2004/00000045/00000003/art00001 
 []


Underfull \hbox (badness 10000) in paragraph at lines 105--111
\OT1/cmr/bx/n/10 URL: \OT1/cmr/m/it/10 https://0-www-sciencedirect-com.oasis.un
isa.ac.za/science/article/pii/S0140673616323819
 []


Overfull \hbox (52.42245pt too wide) in paragraph at lines 125--130
\OT1/cmr/bx/n/10 URL: \OT1/cmr/m/it/10 http://www.journals.cambridge.org/abstra
ct[]S204616580000126X https://ia801701.us.archive.org/21/items/jstor-
 []


Underfull \hbox (badness 10000) in paragraph at lines 147--151
\OT1/cmr/bx/n/10 URL: \OT1/cmr/m/it/10 https://0-www-jstor-org.oasis.unisa.ac.z
a/stable/pdf/43288451.pdf?ab[]segments=0%252Fdefault-
 []

[4]
Overfull \hbox (6.52719pt too wide) in paragraph at lines 157--167
\OT1/cmr/bx/n/10 URL: \OT1/cmr/m/it/10 www.nature.com/npjdigitalmed http://arxi
v.org/abs/1801.07860%0Ahttp://dx.doi.org/10.1038/s41746-
 []


Underfull \hbox (badness 10000) in paragraph at lines 187--192
\OT1/cmr/bx/n/10 URL: \OT1/cmr/m/it/10 https://pdf.sciencedirectassets.com/2718
21/1-s2.0-S0277953611X00059/1-s2.0-
 []


Overfull \hbox (8048.39511pt too wide) in paragraph at lines 187--192
\OT1/cmr/m/it/10 S027795361100044X/main.pdf?x-amz-security-token=AgoJb3JpZ2luX2
VjEKb%2F%2F%2F%2F%2F%2F%2F%2F%2F%2FwEaCXVzLWVhc3QtMSJHMEUCIBGjR0sbVsb55FZel%2FH
qYMrTkskQK4P2e8pRdVzeo8PzAiEAgQZhHupLGXnMN2e0ud6T9s9KWILb5UVGZvH%2F%2FymuBm8q4w
MInv%2F%2F%2F%2F%2F%2F%2F%2F%2F%2FARACGgwwNTkwMDM1NDY4NjUiDCRlgGtZfCw3T38O5yq3A
%2BquE4AJgI2VofoPdWn%2FMV899nEC69hFzBGHUU%2FIfVWYu%2BP3YXM%2FT6MOnPe49ahxG6RWuj
sSX%2FQKlY71wV33ZTcMVM%2FaNpXt9Fa3RzaNwdsTIkfKWHCjl9IxyFpwZPA3TrsE0pDLKgWXwzhoI
PPoxQiTLw9WGvp5T3Z0vZLvS3FLqmEuLfiH8wR2jCU5DCmOYljl%2B1kTLR5RDQCKW3MzVK%2FQ%2BW
p1K9Br9aRVeeOd%2FYSfZwrwDy0j5U1yZ1ygKKGcY%2BwRb60qmCKs22otoGloCFAmSxmZI28L4Ju21
sJpa3s7TeaHqu7tuy7rnFd%2BJLV30ykONjIsGlNEskZUwdqMj1DolkCk4kfO0UVUk%2Fbf5JO2wSer
KVifyxdtYHVq8k69ATn%2FNIKAYS2bWhC1S%2BokvuILRVDEkzVl3kM2J%2B4VPCBND9szcQV0q6%2B
GB%2BNUgavtZceNx3YHv5l6p4ZSKZVrYbN7JlM7aGPUAUVtZWXLMsMZ%2F84Qb9Uk%2F74Eq4gFrGKN
nnN9o8i4C4BYkdwDA4%2Fo8XtXCTwbprTu8SGnlVELLTVDD8KyMXFwbB7vo4GnsYxZxo%2FgseJP8Jg
w0NTe5gU6tAHDG96weRz5DnyiqtCKyPSxTuXfTA92KkYB%2FftExjXin8TvSb4xXz1rmS3W6eUriEIL
X5tmXfNGFBaMW2bD%2B3gQgKAK7HYOinIVfhwKbS%2FrXQYAI57APjej%2BdjnxhpyrYfS7dZnraKJZ
vmTLVguoI8lzcm%2FJAjRRUZMmBbdUmJK047AB0UrmRjpObO2Oj0xC6MXYkGOHCxYn9t693tethWQcj
7h75Q%2Fz41XcThuuuUgIOQrizA%3D&AWSAccessKeyId=ASIAQ3PHCVTY3ZTN6ZDH&Expires=1557
643237&Signature=ZmGcgMBsFW1DGI9w2K7vYLQoKrM%3D&hash=7a7b38352a57850ded9f4a06a7
c542a58717d0e4ebc4a6c393877e6ef0a6258b&host=68042c943591013ac2b2430a89b270f6af2
c76d8dfd086a07176afe7c76c2c61&pii=S027795361100044X&tid=spdf-
 []


Underfull \hbox (badness 10000) in paragraph at lines 201--205
\OT1/cmr/bx/n/10 URL: \OT1/cmr/m/it/10 https://0-www-jstor-org.oasis.unisa.ac.z
a/stable/pdf/20062079.pdf?ab[]segments=0%2Fdefault-
 []


Underfull \hbox (badness 10000) in paragraph at lines 223--228
\OT1/cmr/bx/n/10 URL: \OT1/cmr/m/it/10 https://www.ncbi.nlm.nih.gov/pmc/article
s/PMC3160637/pdf/nihms315486.pdf
 []

) [5] (honsProposal.aux) ) 
Here is how much of TeX's memory you used:
 2265 strings out of 493303
 30324 string characters out of 3138856
 95641 words of memory out of 3000000
 5827 multiletter control sequences out of 15000+200000
 9369 words of font info for 34 fonts, out of 3000000 for 9000
 1141 hyphenation exceptions out of 8191
 27i,6n,32p,1903b,250s stack positions out of 5000i,500n,10000p,200000b,50000s
<C:/Program Files/MiKTeX 2.9/fonts/type1/public/amsfo
nts/cm/cmbx10.pfb><C:/Program Files/MiKTeX 2.9/fonts/type1/public/amsfonts/cm/c
mbx12.pfb><C:/Program Files/MiKTeX 2.9/fonts/type1/public/amsfonts/cm/cmr10.pfb
><C:/Program Files/MiKTeX 2.9/fonts/type1/public/amsfonts/cm/cmr12.pfb><C:/Prog
ram Files/MiKTeX 2.9/fonts/type1/public/amsfonts/cm/cmr17.pfb><C:/Program Files
/MiKTeX 2.9/fonts/type1/public/amsfonts/cm/cmsy10.pfb><C:/Program Files/MiKTeX 
2.9/fonts/type1/public/amsfonts/cm/cmti10.pfb>
Output written on honsProposal.pdf (5 pages, 132437 bytes).
PDF statistics:
 46 PDF objects out of 1000 (max. 8388607)
 0 named destinations out of 1000 (max. 500000)
 1 words of extra memory for PDF output out of 10000 (max. 10000000)

